=> 0x00000000004010d4 <+0>:	push   %r13
   0x00000000004010d6 <+2>:	push   %r12
   0x00000000004010d8 <+4>:	push   %rbp
   0x00000000004010d9 <+5>:	push   %rbx
   0x00000000004010da <+6>:	sub    $0x58,%rsp
   0x00000000004010de <+10>:	lea    0x30(%rsp),%rsi
   0x00000000004010e3 <+15>:	callq  0x40158a <read_six_numbers>
   0x00000000004010e8 <+20>:	lea    0x30(%rsp),%r13
   0x00000000004010ed <+25>:	mov    $0x0,%r12d
   0x00000000004010f3 <+31>:	mov    %r13,%rbp
   0x00000000004010f6 <+34>:	mov    0x0(%r13),%eax
   0x00000000004010fa <+38>:	sub    $0x1,%eax
   0x00000000004010fd <+41>:	cmp    $0x5,%eax
   0x0000000000401100 <+44>:	jbe    0x401107 <phase_6+51>
   0x0000000000401102 <+46>:	callq  0x401554 <explode_bomb>
   0x0000000000401107 <+51>:	add    $0x1,%r12d
   0x000000000040110b <+55>:	cmp    $0x6,%r12d
   0x000000000040110f <+59>:	jne    0x401118 <phase_6+68>
   0x0000000000401111 <+61>:	mov    $0x0,%esi
   0x0000000000401116 <+66>:	jmp    0x40115a <phase_6+134>
   0x0000000000401118 <+68>:	mov    %r12d,%ebx
   0x000000000040111b <+71>:	movslq %ebx,%rax
   0x000000000040111e <+74>:	mov    0x30(%rsp,%rax,4),%eax
   0x0000000000401122 <+78>:	cmp    %eax,0x0(%rbp)
   0x0000000000401125 <+81>:	jne    0x40112c <phase_6+88>
   0x0000000000401127 <+83>:	callq  0x401554 <explode_bomb>
   0x000000000040112c <+88>:	add    $0x1,%ebx
   0x000000000040112f <+91>:	cmp    $0x5,%ebx
   0x0000000000401132 <+94>:	jle    0x40111b <phase_6+71>
   0x0000000000401134 <+96>:	add    $0x4,%r13
   0x0000000000401138 <+100>:	jmp    0x4010f3 <phase_6+31>
   0x000000000040113a <+102>:	mov    0x8(%rdx),%rdx
   0x000000000040113e <+106>:	add    $0x1,%eax
   0x0000000000401141 <+109>:	cmp    %ecx,%eax
   0x0000000000401143 <+111>:	jne    0x40113a <phase_6+102>
   0x0000000000401145 <+113>:	jmp    0x40114c <phase_6+120>
   0x0000000000401147 <+115>:	mov    $0x6052f0,%edx
   0x000000000040114c <+120>:	mov    %rdx,(%rsp,%rsi,2)
   0x0000000000401150 <+124>:	add    $0x4,%rsi
   0x0000000000401154 <+128>:	cmp    $0x18,%rsi
   0x0000000000401158 <+132>:	je     0x40116f <phase_6+155>
   0x000000000040115a <+134>:	mov    0x30(%rsp,%rsi,1),%ecx
   0x000000000040115e <+138>:	cmp    $0x1,%ecx
   0x0000000000401161 <+141>:	jle    0x401147 <phase_6+115>
   0x0000000000401163 <+143>:	mov    $0x1,%eax
   0x0000000000401168 <+148>:	mov    $0x6052f0,%edx
   0x000000000040116d <+153>:	jmp    0x40113a <phase_6+102>
   0x000000000040116f <+155>:	mov    (%rsp),%rbx
   0x0000000000401173 <+159>:	lea    0x8(%rsp),%rax
   0x0000000000401178 <+164>:	lea    0x30(%rsp),%rsi
   0x000000000040117d <+169>:	mov    %rbx,%rcx
   0x0000000000401180 <+172>:	mov    (%rax),%rdx
   0x0000000000401183 <+175>:	mov    %rdx,0x8(%rcx)
   0x0000000000401187 <+179>:	add    $0x8,%rax
   0x000000000040118b <+183>:	cmp    %rsi,%rax
   0x000000000040118e <+186>:	je     0x401195 <phase_6+193>




(gdb) x/3x $rbx
   0x6052f0 <node1>: 0x00000133  0x00000001  0x00605300  307 2
(gdb) x/3x *($rbx+8)
   0x605300 <node2>: 0x00000241  0x00000002  0x00605310  577 5
(gdb) x/3x 0x00605300
   0x605310 <node3>: 0x00000037  0x00000003  0x00605320   55 1
   0x605320 <node4>: 0x0000021e  0x00000004  0x00605330  542 4
   0x605330 <node5>: 0x00000317  0x00000005  0x00605340  791 6
   0x605340 <node6>: 0x00000210  0x00000006  0x00000000  528 3

   --> 3 1 6 4 2 5
   --> 5 2 4 6 1 3